<?xml version="1.0" encoding="UTF-8"?>
<testng-results skipped="0" failed="0" ignored="0" total="2" passed="2">
  <reporter-output>
  </reporter-output>
  <suite name="Default suite" duration-ms="28082" started-at="2018-09-21T21:30:30Z" finished-at="2018-09-21T21:30:58Z">
    <groups>
    </groups>
    <test name="Default test" duration-ms="28082" started-at="2018-09-21T21:30:30Z" finished-at="2018-09-21T21:30:58Z">
      <class name="scripts.LoginCases">
        <test-method status="PASS" signature="preCondition()[pri:0, instance:scripts.LoginCases@5792a0]" name="preCondition" is-config="true" duration-ms="12288" started-at="2018-09-21T21:30:30Z" finished-at="2018-09-21T21:30:42Z">
          <reporter-output>
          </reporter-output>
        </test-method> <!-- preCondition -->
        <test-method status="PASS" signature="testInvalidLogin()[pri:0, instance:scripts.LoginCases@5792a0]" name="testInvalidLogin" duration-ms="4530" started-at="2018-09-21T21:30:42Z" finished-at="2018-09-21T21:30:46Z">
          <reporter-output>
          </reporter-output>
        </test-method> <!-- testInvalidLogin -->
        <test-method status="PASS" signature="postCondition()[pri:0, instance:scripts.LoginCases@5792a0]" name="postCondition" is-config="true" duration-ms="90" started-at="2018-09-21T21:30:46Z" finished-at="2018-09-21T21:30:46Z">
          <reporter-output>
          </reporter-output>
        </test-method> <!-- postCondition -->
        <test-method status="PASS" signature="preCondition()[pri:0, instance:scripts.LoginCases@5792a0]" name="preCondition" is-config="true" duration-ms="10041" started-at="2018-09-21T21:30:46Z" finished-at="2018-09-21T21:30:56Z">
          <reporter-output>
          </reporter-output>
        </test-method> <!-- preCondition -->
        <test-method status="PASS" signature="testValidLogin()[pri:0, instance:scripts.LoginCases@5792a0]" name="testValidLogin" duration-ms="961" started-at="2018-09-21T21:30:56Z" finished-at="2018-09-21T21:30:57Z">
          <reporter-output>
          </reporter-output>
        </test-method> <!-- testValidLogin -->
        <test-method status="PASS" signature="postCondition()[pri:0, instance:scripts.LoginCases@5792a0]" name="postCondition" is-config="true" duration-ms="141" started-at="2018-09-21T21:30:57Z" finished-at="2018-09-21T21:30:58Z">
          <reporter-output>
          </reporter-output>
        </test-method> <!-- postCondition -->
      </class> <!-- scripts.LoginCases -->
    </test> <!-- Default test -->
  </suite> <!-- Default suite -->
</testng-results>
